Removed Pin From Net: NetName=DISP_SCL Pin=DS1-13
Removed Pin From Net: NetName=DISP_BS Pin=U3-9
Removed Pin From Net: NetName=DISP_BUSY_N Pin=U3-10
Removed Pin From Net: NetName=DISP_SDA Pin=U3-16
Added Pin To Net: NetName=DISP_SDA Pin=DS1-8
Added Pin To Net: NetName=DISP_SCL Pin=DS1-9
Added Pin To Net: NetName=DISP_RST_N Pin=DS1-10
Added Pin To Net: NetName=DISP_CSB Pin=DS1-12
Added Pin To Net: NetName=DISP_BUSY_N Pin=DS1-13
Added Pin To Net: NetName=DISP_BS Pin=DS1-14
Added Pin To Net: NetName=DISP_SDA Pin=U3-9
Added Pin To Net: NetName=DISP_SCL Pin=U3-10
Added Pin To Net: NetName=DISP_DC Pin=U3-13
Added Pin To Net: NetName=DISP_BUSY_N Pin=U3-15
Added Pin To Net: NetName=DISP_BS Pin=U3-16
Added Pin To Net: NetName=USB_N Pin=U3-25
Added Pin To Net: NetName=USB_P Pin=U3-26
Change Net Name : Old Net Name=DISP_BS New Net Name=NetDS1_14
Change Net Name : Old Net Name=DISP_BUSY_N New Net Name=NetDS1_13
Change Net Name : Old Net Name=DISP_CSB New Net Name=NetDS1_12
Change Net Name : Old Net Name=DISP_DC New Net Name=NetDS1_11
Change Net Name : Old Net Name=DISP_RST_N New Net Name=NetDS1_10
Change Net Name : Old Net Name=DISP_SCL New Net Name=NetDS1_9
Change Net Name : Old Net Name=DISP_SDA New Net Name=NetDS1_8
