Added Component: Designator=B1(letev2)
Added Component: Designator=C1(0603_1.6x0.8x0.8mm_Reflow Soldering)
Add component (AddParameter): Name = "Ceramic Type"; Value = "X7R"; VariantName = "[No Variations]"
Add component (AddParameter): Name = "ComponentLink1Description"; Value = "Manufacturer"; VariantName = "[No Variations]"
Add component (AddParameter): Name = "ComponentLink1URL"; Value = "http://www.we-online.de"; VariantName = "[No Variations]"
Add component (AddParameter): Name = "ComponentLink2Description"; Value = "Datasheet"; VariantName = "[No Variations]"
Add component (AddParameter): Name = "ComponentLink2URL"; Value = "http://katalog.we-online.de/pbs/datasheet/885012206046.pdf"; VariantName = "[No Variations]"
Add component (AddParameter): Name = "Operating Temperature"; Value = "-55 °C to +125 °C"; VariantName = "[No Variations]"
Add component (AddParameter): Name = "Part Number"; Value = "885012206046"; VariantName = "[No Variations]"
Add component (AddParameter): Name = "Published Date"; Value = "Oct. 2017"; VariantName = "[No Variations]"
Add component (AddParameter): Name = "Publisher"; Value = "Wurth Elektronik"; VariantName = "[No Variations]"
Add component (AddParameter): Name = "Rated Voltage"; Value = "16V DC"; VariantName = "[No Variations]"
Add component (AddParameter): Name = "Size"; Value = "0603"; VariantName = "[No Variations]"
Add component (AddParameter): Name = "Value"; Value = "100nF"; VariantName = "[No Variations]"
Added Component: Designator=C2(0603_1.6x0.8x0.8mm_Reflow Soldering)
Add component (AddParameter): Name = "Ceramic Type"; Value = "X7R"; VariantName = "[No Variations]"
Add component (AddParameter): Name = "ComponentLink1Description"; Value = "Manufacturer"; VariantName = "[No Variations]"
Add component (AddParameter): Name = "ComponentLink1URL"; Value = "http://www.we-online.de"; VariantName = "[No Variations]"
Add component (AddParameter): Name = "ComponentLink2Description"; Value = "Datasheet"; VariantName = "[No Variations]"
Add component (AddParameter): Name = "ComponentLink2URL"; Value = "http://katalog.we-online.de/pbs/datasheet/885012206027.pdf"; VariantName = "[No Variations]"
Add component (AddParameter): Name = "Operating Temperature"; Value = "-55 °C to +125 °C"; VariantName = "[No Variations]"
Add component (AddParameter): Name = "Part Number"; Value = "885012206027"; VariantName = "[No Variations]"
Add component (AddParameter): Name = "Published Date"; Value = "Oct. 2017"; VariantName = "[No Variations]"
Add component (AddParameter): Name = "Publisher"; Value = "Wurth Elektronik"; VariantName = "[No Variations]"
Add component (AddParameter): Name = "Rated Voltage"; Value = "10V DC"; VariantName = "[No Variations]"
Add component (AddParameter): Name = "Size"; Value = "0603"; VariantName = "[No Variations]"
Add component (AddParameter): Name = "Value"; Value = "2.2uF"; VariantName = "[No Variations]"
Added Component: Designator=C3(0603_1.6x0.8x0.8mm_Reflow Soldering)
Add component (AddParameter): Name = "Ceramic Type"; Value = "NP0"; VariantName = "[No Variations]"
Add component (AddParameter): Name = "ComponentLink1Description"; Value = "Manufacturer"; VariantName = "[No Variations]"
Add component (AddParameter): Name = "ComponentLink1URL"; Value = "http://www.we-online.de"; VariantName = "[No Variations]"
Add component (AddParameter): Name = "ComponentLink2Description"; Value = "Datasheet"; VariantName = "[No Variations]"
Add component (AddParameter): Name = "ComponentLink2URL"; Value = "http://katalog.we-online.de/pbs/datasheet/885012006053.pdf"; VariantName = "[No Variations]"
Add component (AddParameter): Name = "Operating Temperature"; Value = "-55 °C to +125 °C"; VariantName = "[No Variations]"
Add component (AddParameter): Name = "Part Number"; Value = "885012006053"; VariantName = "[No Variations]"
Add component (AddParameter): Name = "Published Date"; Value = "Oct. 2017"; VariantName = "[No Variations]"
Add component (AddParameter): Name = "Publisher"; Value = "Wurth Elektronik"; VariantName = "[No Variations]"
Add component (AddParameter): Name = "Rated Voltage"; Value = "50V DC"; VariantName = "[No Variations]"
Add component (AddParameter): Name = "Size"; Value = "0603"; VariantName = "[No Variations]"
Add component (AddParameter): Name = "Value"; Value = "22pF"; VariantName = "[No Variations]"
Added Component: Designator=C4(0603_1.6x0.8x0.8mm_Reflow Soldering)
Add component (AddParameter): Name = "Ceramic Type"; Value = "X5R"; VariantName = "[No Variations]"
Add component (AddParameter): Name = "ComponentLink1Description"; Value = "Manufacturer"; VariantName = "[No Variations]"
Add component (AddParameter): Name = "ComponentLink1URL"; Value = "http://www.we-online.de"; VariantName = "[No Variations]"
Add component (AddParameter): Name = "ComponentLink2Description"; Value = "Datasheet"; VariantName = "[No Variations]"
Add component (AddParameter): Name = "ComponentLink2URL"; Value = "http://katalog.we-online.de/pbs/datasheet/885012106012.pdf"; VariantName = "[No Variations]"
Add component (AddParameter): Name = "Operating Temperature"; Value = "-55 °C to +125 °C"; VariantName = "[No Variations]"
Add component (AddParameter): Name = "Part Number"; Value = "885012106012"; VariantName = "[No Variations]"
Add component (AddParameter): Name = "Published Date"; Value = "Oct. 2017"; VariantName = "[No Variations]"
Add component (AddParameter): Name = "Publisher"; Value = "Wurth Elektronik"; VariantName = "[No Variations]"
Add component (AddParameter): Name = "Rated Voltage"; Value = "10V DC"; VariantName = "[No Variations]"
Add component (AddParameter): Name = "Size"; Value = "0603"; VariantName = "[No Variations]"
Add component (AddParameter): Name = "Value"; Value = "4.7uF"; VariantName = "[No Variations]"
Added Component: Designator=C5(0603_1.6x0.8x0.8mm_Reflow Soldering)
Add component (AddParameter): Name = "Ceramic Type"; Value = "X7R"; VariantName = "[No Variations]"
Add component (AddParameter): Name = "ComponentLink1Description"; Value = "Manufacturer"; VariantName = "[No Variations]"
Add component (AddParameter): Name = "ComponentLink1URL"; Value = "http://www.we-online.de"; VariantName = "[No Variations]"
Add component (AddParameter): Name = "ComponentLink2Description"; Value = "Datasheet"; VariantName = "[No Variations]"
Add component (AddParameter): Name = "ComponentLink2URL"; Value = "http://katalog.we-online.de/pbs/datasheet/885012206020.pdf"; VariantName = "[No Variations]"
Add component (AddParameter): Name = "Operating Temperature"; Value = "-55 °C to +125 °C"; VariantName = "[No Variations]"
Add component (AddParameter): Name = "Part Number"; Value = "885012206020"; VariantName = "[No Variations]"
Add component (AddParameter): Name = "Published Date"; Value = "Oct. 2017"; VariantName = "[No Variations]"
Add component (AddParameter): Name = "Publisher"; Value = "Wurth Elektronik"; VariantName = "[No Variations]"
Add component (AddParameter): Name = "Rated Voltage"; Value = "10V DC"; VariantName = "[No Variations]"
Add component (AddParameter): Name = "Size"; Value = "0603"; VariantName = "[No Variations]"
Add component (AddParameter): Name = "Value"; Value = "100nF"; VariantName = "[No Variations]"
Added Component: Designator=C6(0805_2x1.25x1.25mm_Reflow Soldering)
Add component (AddParameter): Name = "Ceramic Type"; Value = "X5R"; VariantName = "[No Variations]"
Add component (AddParameter): Name = "ComponentLink1Description"; Value = "Manufacturer"; VariantName = "[No Variations]"
Add component (AddParameter): Name = "ComponentLink1URL"; Value = "http://www.we-online.de"; VariantName = "[No Variations]"
Add component (AddParameter): Name = "ComponentLink2Description"; Value = "Datasheet"; VariantName = "[No Variations]"
Add component (AddParameter): Name = "ComponentLink2URL"; Value = "http://katalog.we-online.de/pbs/datasheet/885012107011.pdf"; VariantName = "[No Variations]"
Add component (AddParameter): Name = "Operating Temperature"; Value = "-55 °C to +125 °C"; VariantName = "[No Variations]"
Add component (AddParameter): Name = "Part Number"; Value = "885012107011"; VariantName = "[No Variations]"
Add component (AddParameter): Name = "Published Date"; Value = "Oct. 2017"; VariantName = "[No Variations]"
Add component (AddParameter): Name = "Publisher"; Value = "Wurth Elektronik"; VariantName = "[No Variations]"
Add component (AddParameter): Name = "Rated Voltage"; Value = "10V DC"; VariantName = "[No Variations]"
Add component (AddParameter): Name = "Size"; Value = "0805"; VariantName = "[No Variations]"
Add component (AddParameter): Name = "Value"; Value = "22uF"; VariantName = "[No Variations]"
Added Component: Designator=C7(0603_1.6x0.8x0.8mm_Reflow Soldering)
Add component (AddParameter): Name = "Ceramic Type"; Value = "X5R"; VariantName = "[No Variations]"
Add component (AddParameter): Name = "ComponentLink1Description"; Value = "Manufacturer"; VariantName = "[No Variations]"
Add component (AddParameter): Name = "ComponentLink1URL"; Value = "http://www.we-online.de"; VariantName = "[No Variations]"
Add component (AddParameter): Name = "ComponentLink2Description"; Value = "Datasheet"; VariantName = "[No Variations]"
Add component (AddParameter): Name = "ComponentLink2URL"; Value = "http://katalog.we-online.de/pbs/datasheet/885012106003.pdf"; VariantName = "[No Variations]"
Add component (AddParameter): Name = "Operating Temperature"; Value = "-55 °C to +125 °C"; VariantName = "[No Variations]"
Add component (AddParameter): Name = "Part Number"; Value = "885012106003"; VariantName = "[No Variations]"
Add component (AddParameter): Name = "Published Date"; Value = "Oct. 2017"; VariantName = "[No Variations]"
Add component (AddParameter): Name = "Publisher"; Value = "Wurth Elektronik"; VariantName = "[No Variations]"
Add component (AddParameter): Name = "Rated Voltage"; Value = "6.3V DC"; VariantName = "[No Variations]"
Add component (AddParameter): Name = "Size"; Value = "0603"; VariantName = "[No Variations]"
Add component (AddParameter): Name = "Value"; Value = "1uF"; VariantName = "[No Variations]"
Added Component: Designator=C8(0805_2x1.25x1.25mm_Reflow Soldering)
Add component (AddParameter): Name = "Ceramic Type"; Value = "X5R"; VariantName = "[No Variations]"
Add component (AddParameter): Name = "ComponentLink1Description"; Value = "Manufacturer"; VariantName = "[No Variations]"
Add component (AddParameter): Name = "ComponentLink1URL"; Value = "http://www.we-online.de"; VariantName = "[No Variations]"
Add component (AddParameter): Name = "ComponentLink2Description"; Value = "Datasheet"; VariantName = "[No Variations]"
Add component (AddParameter): Name = "ComponentLink2URL"; Value = "http://katalog.we-online.de/pbs/datasheet/885012107018.pdf"; VariantName = "[No Variations]"
Add component (AddParameter): Name = "Operating Temperature"; Value = "-55 °C to +125 °C"; VariantName = "[No Variations]"
Add component (AddParameter): Name = "Part Number"; Value = "885012107018"; VariantName = "[No Variations]"
Add component (AddParameter): Name = "Published Date"; Value = "Oct. 2017"; VariantName = "[No Variations]"
Add component (AddParameter): Name = "Publisher"; Value = "Wurth Elektronik"; VariantName = "[No Variations]"
Add component (AddParameter): Name = "Rated Voltage"; Value = "25V DC"; VariantName = "[No Variations]"
Add component (AddParameter): Name = "Size"; Value = "0805"; VariantName = "[No Variations]"
Add component (AddParameter): Name = "Value"; Value = "4.7uF"; VariantName = "[No Variations]"
Added Component: Designator=C9(0603_1.6x0.8x0.8mm_Reflow Soldering)
Add component (AddParameter): Name = "Ceramic Type"; Value = "X5R"; VariantName = "[No Variations]"
Add component (AddParameter): Name = "ComponentLink1Description"; Value = "Manufacturer"; VariantName = "[No Variations]"
Add component (AddParameter): Name = "ComponentLink1URL"; Value = "http://www.we-online.de"; VariantName = "[No Variations]"
Add component (AddParameter): Name = "ComponentLink2Description"; Value = "Datasheet"; VariantName = "[No Variations]"
Add component (AddParameter): Name = "ComponentLink2URL"; Value = "http://katalog.we-online.de/pbs/datasheet/885012106022.pdf"; VariantName = "[No Variations]"
Add component (AddParameter): Name = "Operating Temperature"; Value = "-55 °C to +125 °C"; VariantName = "[No Variations]"
Add component (AddParameter): Name = "Part Number"; Value = "885012106022"; VariantName = "[No Variations]"
Add component (AddParameter): Name = "Published Date"; Value = "Oct. 2017"; VariantName = "[No Variations]"
Add component (AddParameter): Name = "Publisher"; Value = "Wurth Elektronik"; VariantName = "[No Variations]"
Add component (AddParameter): Name = "Rated Voltage"; Value = "25V DC"; VariantName = "[No Variations]"
Add component (AddParameter): Name = "Size"; Value = "0603"; VariantName = "[No Variations]"
Add component (AddParameter): Name = "Value"; Value = "1uF"; VariantName = "[No Variations]"
Added Component: Designator=C10(0603_1.6x0.8x0.8mm_Reflow Soldering)
Add component (AddParameter): Name = "Ceramic Type"; Value = "X5R"; VariantName = "[No Variations]"
Add component (AddParameter): Name = "ComponentLink1Description"; Value = "Manufacturer"; VariantName = "[No Variations]"
Add component (AddParameter): Name = "ComponentLink1URL"; Value = "http://www.we-online.de"; VariantName = "[No Variations]"
Add component (AddParameter): Name = "ComponentLink2Description"; Value = "Datasheet"; VariantName = "[No Variations]"
Add component (AddParameter): Name = "ComponentLink2URL"; Value = "http://katalog.we-online.de/pbs/datasheet/885012106022.pdf"; VariantName = "[No Variations]"
Add component (AddParameter): Name = "Operating Temperature"; Value = "-55 °C to +125 °C"; VariantName = "[No Variations]"
Add component (AddParameter): Name = "Part Number"; Value = "885012106022"; VariantName = "[No Variations]"
Add component (AddParameter): Name = "Published Date"; Value = "Oct. 2017"; VariantName = "[No Variations]"
Add component (AddParameter): Name = "Publisher"; Value = "Wurth Elektronik"; VariantName = "[No Variations]"
Add component (AddParameter): Name = "Rated Voltage"; Value = "25V DC"; VariantName = "[No Variations]"
Add component (AddParameter): Name = "Size"; Value = "0603"; VariantName = "[No Variations]"
Add component (AddParameter): Name = "Value"; Value = "1uF"; VariantName = "[No Variations]"
Added Component: Designator=C11(0603_1.6x0.8x0.8mm_Reflow Soldering)
Add component (AddParameter): Name = "Ceramic Type"; Value = "X5R"; VariantName = "[No Variations]"
Add component (AddParameter): Name = "ComponentLink1Description"; Value = "Manufacturer"; VariantName = "[No Variations]"
Add component (AddParameter): Name = "ComponentLink1URL"; Value = "http://www.we-online.de"; VariantName = "[No Variations]"
Add component (AddParameter): Name = "ComponentLink2Description"; Value = "Datasheet"; VariantName = "[No Variations]"
Add component (AddParameter): Name = "ComponentLink2URL"; Value = "http://katalog.we-online.de/pbs/datasheet/885012106022.pdf"; VariantName = "[No Variations]"
Add component (AddParameter): Name = "Operating Temperature"; Value = "-55 °C to +125 °C"; VariantName = "[No Variations]"
Add component (AddParameter): Name = "Part Number"; Value = "885012106022"; VariantName = "[No Variations]"
Add component (AddParameter): Name = "Published Date"; Value = "Oct. 2017"; VariantName = "[No Variations]"
Add component (AddParameter): Name = "Publisher"; Value = "Wurth Elektronik"; VariantName = "[No Variations]"
Add component (AddParameter): Name = "Rated Voltage"; Value = "25V DC"; VariantName = "[No Variations]"
Add component (AddParameter): Name = "Size"; Value = "0603"; VariantName = "[No Variations]"
Add component (AddParameter): Name = "Value"; Value = "1uF"; VariantName = "[No Variations]"
Added Component: Designator=C12(0603_1.6x0.8x0.8mm_Reflow Soldering)
Add component (AddParameter): Name = "Ceramic Type"; Value = "X5R"; VariantName = "[No Variations]"
Add component (AddParameter): Name = "ComponentLink1Description"; Value = "Manufacturer"; VariantName = "[No Variations]"
Add component (AddParameter): Name = "ComponentLink1URL"; Value = "http://www.we-online.de"; VariantName = "[No Variations]"
Add component (AddParameter): Name = "ComponentLink2Description"; Value = "Datasheet"; VariantName = "[No Variations]"
Add component (AddParameter): Name = "ComponentLink2URL"; Value = "http://katalog.we-online.de/pbs/datasheet/885012106022.pdf"; VariantName = "[No Variations]"
Add component (AddParameter): Name = "Operating Temperature"; Value = "-55 °C to +125 °C"; VariantName = "[No Variations]"
Add component (AddParameter): Name = "Part Number"; Value = "885012106022"; VariantName = "[No Variations]"
Add component (AddParameter): Name = "Published Date"; Value = "Oct. 2017"; VariantName = "[No Variations]"
Add component (AddParameter): Name = "Publisher"; Value = "Wurth Elektronik"; VariantName = "[No Variations]"
Add component (AddParameter): Name = "Rated Voltage"; Value = "25V DC"; VariantName = "[No Variations]"
Add component (AddParameter): Name = "Size"; Value = "0603"; VariantName = "[No Variations]"
Add component (AddParameter): Name = "Value"; Value = "1uF"; VariantName = "[No Variations]"
Added Component: Designator=C13(0603_1.6x0.8x0.8mm_Reflow Soldering)
Add component (AddParameter): Name = "Ceramic Type"; Value = "X5R"; VariantName = "[No Variations]"
Add component (AddParameter): Name = "ComponentLink1Description"; Value = "Manufacturer"; VariantName = "[No Variations]"
Add component (AddParameter): Name = "ComponentLink1URL"; Value = "http://www.we-online.de"; VariantName = "[No Variations]"
Add component (AddParameter): Name = "ComponentLink2Description"; Value = "Datasheet"; VariantName = "[No Variations]"
Add component (AddParameter): Name = "ComponentLink2URL"; Value = "http://katalog.we-online.de/pbs/datasheet/885012106022.pdf"; VariantName = "[No Variations]"
Add component (AddParameter): Name = "Operating Temperature"; Value = "-55 °C to +125 °C"; VariantName = "[No Variations]"
Add component (AddParameter): Name = "Part Number"; Value = "885012106022"; VariantName = "[No Variations]"
Add component (AddParameter): Name = "Published Date"; Value = "Oct. 2017"; VariantName = "[No Variations]"
Add component (AddParameter): Name = "Publisher"; Value = "Wurth Elektronik"; VariantName = "[No Variations]"
Add component (AddParameter): Name = "Rated Voltage"; Value = "25V DC"; VariantName = "[No Variations]"
Add component (AddParameter): Name = "Size"; Value = "0603"; VariantName = "[No Variations]"
Add component (AddParameter): Name = "Value"; Value = "1uF"; VariantName = "[No Variations]"
Added Component: Designator=C14(0603_1.6x0.8x0.8mm_Reflow Soldering)
Add component (AddParameter): Name = "Ceramic Type"; Value = "X5R"; VariantName = "[No Variations]"
Add component (AddParameter): Name = "ComponentLink1Description"; Value = "Manufacturer"; VariantName = "[No Variations]"
Add component (AddParameter): Name = "ComponentLink1URL"; Value = "http://www.we-online.de"; VariantName = "[No Variations]"
Add component (AddParameter): Name = "ComponentLink2Description"; Value = "Datasheet"; VariantName = "[No Variations]"
Add component (AddParameter): Name = "ComponentLink2URL"; Value = "http://katalog.we-online.de/pbs/datasheet/885012106022.pdf"; VariantName = "[No Variations]"
Add component (AddParameter): Name = "Operating Temperature"; Value = "-55 °C to +125 °C"; VariantName = "[No Variations]"
Add component (AddParameter): Name = "Part Number"; Value = "885012106022"; VariantName = "[No Variations]"
Add component (AddParameter): Name = "Published Date"; Value = "Oct. 2017"; VariantName = "[No Variations]"
Add component (AddParameter): Name = "Publisher"; Value = "Wurth Elektronik"; VariantName = "[No Variations]"
Add component (AddParameter): Name = "Rated Voltage"; Value = "25V DC"; VariantName = "[No Variations]"
Add component (AddParameter): Name = "Size"; Value = "0603"; VariantName = "[No Variations]"
Add component (AddParameter): Name = "Value"; Value = "1uF"; VariantName = "[No Variations]"
Added Component: Designator=C15(0603_1.6x0.8x0.8mm_Reflow Soldering)
Add component (AddParameter): Name = "Ceramic Type"; Value = "X5R"; VariantName = "[No Variations]"
Add component (AddParameter): Name = "ComponentLink1Description"; Value = "Manufacturer"; VariantName = "[No Variations]"
Add component (AddParameter): Name = "ComponentLink1URL"; Value = "http://www.we-online.de"; VariantName = "[No Variations]"
Add component (AddParameter): Name = "ComponentLink2Description"; Value = "Datasheet"; VariantName = "[No Variations]"
Add component (AddParameter): Name = "ComponentLink2URL"; Value = "http://katalog.we-online.de/pbs/datasheet/885012106022.pdf"; VariantName = "[No Variations]"
Add component (AddParameter): Name = "Operating Temperature"; Value = "-55 °C to +125 °C"; VariantName = "[No Variations]"
Add component (AddParameter): Name = "Part Number"; Value = "885012106022"; VariantName = "[No Variations]"
Add component (AddParameter): Name = "Published Date"; Value = "Oct. 2017"; VariantName = "[No Variations]"
Add component (AddParameter): Name = "Publisher"; Value = "Wurth Elektronik"; VariantName = "[No Variations]"
Add component (AddParameter): Name = "Rated Voltage"; Value = "25V DC"; VariantName = "[No Variations]"
Add component (AddParameter): Name = "Size"; Value = "0603"; VariantName = "[No Variations]"
Add component (AddParameter): Name = "Value"; Value = "1uF"; VariantName = "[No Variations]"
Added Component: Designator=C16(0603_1.6x0.8x0.8mm_Reflow Soldering)
Add component (AddParameter): Name = "Ceramic Type"; Value = "X5R"; VariantName = "[No Variations]"
Add component (AddParameter): Name = "ComponentLink1Description"; Value = "Manufacturer"; VariantName = "[No Variations]"
Add component (AddParameter): Name = "ComponentLink1URL"; Value = "http://www.we-online.de"; VariantName = "[No Variations]"
Add component (AddParameter): Name = "ComponentLink2Description"; Value = "Datasheet"; VariantName = "[No Variations]"
Add component (AddParameter): Name = "ComponentLink2URL"; Value = "http://katalog.we-online.de/pbs/datasheet/885012106022.pdf"; VariantName = "[No Variations]"
Add component (AddParameter): Name = "Operating Temperature"; Value = "-55 °C to +125 °C"; VariantName = "[No Variations]"
Add component (AddParameter): Name = "Part Number"; Value = "885012106022"; VariantName = "[No Variations]"
Add component (AddParameter): Name = "Published Date"; Value = "Oct. 2017"; VariantName = "[No Variations]"
Add component (AddParameter): Name = "Publisher"; Value = "Wurth Elektronik"; VariantName = "[No Variations]"
Add component (AddParameter): Name = "Rated Voltage"; Value = "25V DC"; VariantName = "[No Variations]"
Add component (AddParameter): Name = "Size"; Value = "0603"; VariantName = "[No Variations]"
Add component (AddParameter): Name = "Value"; Value = "1uF"; VariantName = "[No Variations]"
Added Component: Designator=C17(0402_1x0.5x0.5mm)
Add component (AddParameter): Name = "Ceramic Type"; Value = "X5R"; VariantName = "[No Variations]"
Add component (AddParameter): Name = "ComponentLink1Description"; Value = "Manufacturer"; VariantName = "[No Variations]"
Add component (AddParameter): Name = "ComponentLink1URL"; Value = "http://www.we-online.de"; VariantName = "[No Variations]"
Add component (AddParameter): Name = "ComponentLink2Description"; Value = "Datasheet"; VariantName = "[No Variations]"
Add component (AddParameter): Name = "ComponentLink2URL"; Value = "http://katalog.we-online.de/pbs/datasheet/885012105018.pdf"; VariantName = "[No Variations]"
Add component (AddParameter): Name = "Operating Temperature"; Value = "-55 °C to +125 °C"; VariantName = "[No Variations]"
Add component (AddParameter): Name = "Part Number"; Value = "885012105018"; VariantName = "[No Variations]"
Add component (AddParameter): Name = "Published Date"; Value = "Oct. 2017"; VariantName = "[No Variations]"
Add component (AddParameter): Name = "Publisher"; Value = "Wurth Elektronik"; VariantName = "[No Variations]"
Add component (AddParameter): Name = "Rated Voltage"; Value = "25V DC"; VariantName = "[No Variations]"
Add component (AddParameter): Name = "Size"; Value = "0402"; VariantName = "[No Variations]"
Add component (AddParameter): Name = "Value"; Value = "100nF"; VariantName = "[No Variations]"
Added Component: Designator=C18(0805_2x1.25x1.25mm_Reflow Soldering)
Add component (AddParameter): Name = "Ceramic Type"; Value = "X5R"; VariantName = "[No Variations]"
Add component (AddParameter): Name = "ComponentLink1Description"; Value = "Manufacturer"; VariantName = "[No Variations]"
Add component (AddParameter): Name = "ComponentLink1URL"; Value = "http://www.we-online.de"; VariantName = "[No Variations]"
Add component (AddParameter): Name = "ComponentLink2Description"; Value = "Datasheet"; VariantName = "[No Variations]"
Add component (AddParameter): Name = "ComponentLink2URL"; Value = "http://katalog.we-online.de/pbs/datasheet/885012107011.pdf"; VariantName = "[No Variations]"
Add component (AddParameter): Name = "Operating Temperature"; Value = "-55 °C to +125 °C"; VariantName = "[No Variations]"
Add component (AddParameter): Name = "Part Number"; Value = "885012107011"; VariantName = "[No Variations]"
Add component (AddParameter): Name = "Published Date"; Value = "Oct. 2017"; VariantName = "[No Variations]"
Add component (AddParameter): Name = "Publisher"; Value = "Wurth Elektronik"; VariantName = "[No Variations]"
Add component (AddParameter): Name = "Rated Voltage"; Value = "10V DC"; VariantName = "[No Variations]"
Add component (AddParameter): Name = "Size"; Value = "0805"; VariantName = "[No Variations]"
Add component (AddParameter): Name = "Value"; Value = "22uF"; VariantName = "[No Variations]"
Added Component: Designator=C19(0402_1x0.5x0.5mm)
Add component (AddParameter): Name = "Ceramic Type"; Value = "X5R"; VariantName = "[No Variations]"
Add component (AddParameter): Name = "ComponentLink1Description"; Value = "Manufacturer"; VariantName = "[No Variations]"
Add component (AddParameter): Name = "ComponentLink1URL"; Value = "http://www.we-online.de"; VariantName = "[No Variations]"
Add component (AddParameter): Name = "ComponentLink2Description"; Value = "Datasheet"; VariantName = "[No Variations]"
Add component (AddParameter): Name = "ComponentLink2URL"; Value = "http://katalog.we-online.de/pbs/datasheet/885012105018.pdf"; VariantName = "[No Variations]"
Add component (AddParameter): Name = "Operating Temperature"; Value = "-55 °C to +125 °C"; VariantName = "[No Variations]"
Add component (AddParameter): Name = "Part Number"; Value = "885012105018"; VariantName = "[No Variations]"
Add component (AddParameter): Name = "Published Date"; Value = "Oct. 2017"; VariantName = "[No Variations]"
Add component (AddParameter): Name = "Publisher"; Value = "Wurth Elektronik"; VariantName = "[No Variations]"
Add component (AddParameter): Name = "Rated Voltage"; Value = "25V DC"; VariantName = "[No Variations]"
Add component (AddParameter): Name = "Size"; Value = "0402"; VariantName = "[No Variations]"
Add component (AddParameter): Name = "Value"; Value = "100nF"; VariantName = "[No Variations]"
Added Component: Designator=C20(0402_1x0.5x0.5mm)
Add component (AddParameter): Name = "Ceramic Type"; Value = "X5R"; VariantName = "[No Variations]"
Add component (AddParameter): Name = "ComponentLink1Description"; Value = "Manufacturer"; VariantName = "[No Variations]"
Add component (AddParameter): Name = "ComponentLink1URL"; Value = "http://www.we-online.de"; VariantName = "[No Variations]"
Add component (AddParameter): Name = "ComponentLink2Description"; Value = "Datasheet"; VariantName = "[No Variations]"
Add component (AddParameter): Name = "ComponentLink2URL"; Value = "http://katalog.we-online.de/pbs/datasheet/885012105018.pdf"; VariantName = "[No Variations]"
Add component (AddParameter): Name = "Operating Temperature"; Value = "-55 °C to +125 °C"; VariantName = "[No Variations]"
Add component (AddParameter): Name = "Part Number"; Value = "885012105018"; VariantName = "[No Variations]"
Add component (AddParameter): Name = "Published Date"; Value = "Oct. 2017"; VariantName = "[No Variations]"
Add component (AddParameter): Name = "Publisher"; Value = "Wurth Elektronik"; VariantName = "[No Variations]"
Add component (AddParameter): Name = "Rated Voltage"; Value = "25V DC"; VariantName = "[No Variations]"
Add component (AddParameter): Name = "Size"; Value = "0402"; VariantName = "[No Variations]"
Add component (AddParameter): Name = "Value"; Value = "100nF"; VariantName = "[No Variations]"
Added Component: Designator=C21(0402_1x0.5x0.5mm)
Add component (AddParameter): Name = "Ceramic Type"; Value = "NP0"; VariantName = "[No Variations]"
Add component (AddParameter): Name = "ComponentLink1Description"; Value = "Manufacturer"; VariantName = "[No Variations]"
Add component (AddParameter): Name = "ComponentLink1URL"; Value = "http://www.we-online.de"; VariantName = "[No Variations]"
Add component (AddParameter): Name = "ComponentLink2Description"; Value = "Datasheet"; VariantName = "[No Variations]"
Add component (AddParameter): Name = "ComponentLink2URL"; Value = "http://katalog.we-online.de/pbs/datasheet/885012005021.pdf"; VariantName = "[No Variations]"
Add component (AddParameter): Name = "Operating Temperature"; Value = "-55 °C to +125 °C"; VariantName = "[No Variations]"
Add component (AddParameter): Name = "Part Number"; Value = "885012005021"; VariantName = "[No Variations]"
Add component (AddParameter): Name = "Published Date"; Value = "Oct. 2017"; VariantName = "[No Variations]"
Add component (AddParameter): Name = "Publisher"; Value = "Wurth Elektronik"; VariantName = "[No Variations]"
Add component (AddParameter): Name = "Rated Voltage"; Value = "16V DC"; VariantName = "[No Variations]"
Add component (AddParameter): Name = "Size"; Value = "0402"; VariantName = "[No Variations]"
Add component (AddParameter): Name = "Value"; Value = "2.2pF"; VariantName = "[No Variations]"
Added Component: Designator=C22(0402_1x0.5x0.5mm)
Add component (AddParameter): Name = "Ceramic Type"; Value = "NP0"; VariantName = "[No Variations]"
Add component (AddParameter): Name = "ComponentLink1Description"; Value = "Manufacturer"; VariantName = "[No Variations]"
Add component (AddParameter): Name = "ComponentLink1URL"; Value = "http://www.we-online.de"; VariantName = "[No Variations]"
Add component (AddParameter): Name = "ComponentLink2Description"; Value = "Datasheet"; VariantName = "[No Variations]"
Add component (AddParameter): Name = "ComponentLink2URL"; Value = "http://katalog.we-online.de/pbs/datasheet/885012005021.pdf"; VariantName = "[No Variations]"
Add component (AddParameter): Name = "Operating Temperature"; Value = "-55 °C to +125 °C"; VariantName = "[No Variations]"
Add component (AddParameter): Name = "Part Number"; Value = "885012005021"; VariantName = "[No Variations]"
Add component (AddParameter): Name = "Published Date"; Value = "Oct. 2017"; VariantName = "[No Variations]"
Add component (AddParameter): Name = "Publisher"; Value = "Wurth Elektronik"; VariantName = "[No Variations]"
Add component (AddParameter): Name = "Rated Voltage"; Value = "16V DC"; VariantName = "[No Variations]"
Add component (AddParameter): Name = "Size"; Value = "0402"; VariantName = "[No Variations]"
Add component (AddParameter): Name = "Value"; Value = "2.2pF"; VariantName = "[No Variations]"
Added Component: Designator=C23(0402_1x0.5x0.5mm)
Add component (AddParameter): Name = "Ceramic Type"; Value = "NP0"; VariantName = "[No Variations]"
Add component (AddParameter): Name = "ComponentLink1Description"; Value = "Manufacturer"; VariantName = "[No Variations]"
Add component (AddParameter): Name = "ComponentLink1URL"; Value = "http://www.we-online.de"; VariantName = "[No Variations]"
Add component (AddParameter): Name = "ComponentLink2Description"; Value = "Datasheet"; VariantName = "[No Variations]"
Add component (AddParameter): Name = "ComponentLink2URL"; Value = "http://katalog.we-online.de/pbs/datasheet/885012005021.pdf"; VariantName = "[No Variations]"
Add component (AddParameter): Name = "Operating Temperature"; Value = "-55 °C to +125 °C"; VariantName = "[No Variations]"
Add component (AddParameter): Name = "Part Number"; Value = "885012005021"; VariantName = "[No Variations]"
Add component (AddParameter): Name = "Published Date"; Value = "Oct. 2017"; VariantName = "[No Variations]"
Add component (AddParameter): Name = "Publisher"; Value = "Wurth Elektronik"; VariantName = "[No Variations]"
Add component (AddParameter): Name = "Rated Voltage"; Value = "16V DC"; VariantName = "[No Variations]"
Add component (AddParameter): Name = "Size"; Value = "0402"; VariantName = "[No Variations]"
Add component (AddParameter): Name = "Value"; Value = "2.2pF"; VariantName = "[No Variations]"
Added Component: Designator=C24(0402_1x0.5x0.5mm)
Add component (AddParameter): Name = "Ceramic Type"; Value = "NP0"; VariantName = "[No Variations]"
Add component (AddParameter): Name = "ComponentLink1Description"; Value = "Manufacturer"; VariantName = "[No Variations]"
Add component (AddParameter): Name = "ComponentLink1URL"; Value = "http://www.we-online.de"; VariantName = "[No Variations]"
Add component (AddParameter): Name = "ComponentLink2Description"; Value = "Datasheet"; VariantName = "[No Variations]"
Add component (AddParameter): Name = "ComponentLink2URL"; Value = "http://katalog.we-online.de/pbs/datasheet/885012005021.pdf"; VariantName = "[No Variations]"
Add component (AddParameter): Name = "Operating Temperature"; Value = "-55 °C to +125 °C"; VariantName = "[No Variations]"
Add component (AddParameter): Name = "Part Number"; Value = "885012005021"; VariantName = "[No Variations]"
Add component (AddParameter): Name = "Published Date"; Value = "Oct. 2017"; VariantName = "[No Variations]"
Add component (AddParameter): Name = "Publisher"; Value = "Wurth Elektronik"; VariantName = "[No Variations]"
Add component (AddParameter): Name = "Rated Voltage"; Value = "16V DC"; VariantName = "[No Variations]"
Add component (AddParameter): Name = "Size"; Value = "0402"; VariantName = "[No Variations]"
Add component (AddParameter): Name = "Value"; Value = "2.2pF"; VariantName = "[No Variations]"
Added Component: Designator=C25(0402_1x0.5x0.5mm)
Add component (AddParameter): Name = "Ceramic Type"; Value = "X5R"; VariantName = "[No Variations]"
Add component (AddParameter): Name = "ComponentLink1Description"; Value = "Manufacturer"; VariantName = "[No Variations]"
Add component (AddParameter): Name = "ComponentLink1URL"; Value = "http://www.we-online.de"; VariantName = "[No Variations]"
Add component (AddParameter): Name = "ComponentLink2Description"; Value = "Datasheet"; VariantName = "[No Variations]"
Add component (AddParameter): Name = "ComponentLink2URL"; Value = "http://katalog.we-online.de/pbs/datasheet/885012105018.pdf"; VariantName = "[No Variations]"
Add component (AddParameter): Name = "Operating Temperature"; Value = "-55 °C to +125 °C"; VariantName = "[No Variations]"
Add component (AddParameter): Name = "Part Number"; Value = "885012105018"; VariantName = "[No Variations]"
Add component (AddParameter): Name = "Published Date"; Value = "Oct. 2017"; VariantName = "[No Variations]"
Add component (AddParameter): Name = "Publisher"; Value = "Wurth Elektronik"; VariantName = "[No Variations]"
Add component (AddParameter): Name = "Rated Voltage"; Value = "25V DC"; VariantName = "[No Variations]"
Add component (AddParameter): Name = "Size"; Value = "0402"; VariantName = "[No Variations]"
Add component (AddParameter): Name = "Value"; Value = "100nF"; VariantName = "[No Variations]"
Added Component: Designator=C26(0402_1x0.5x0.5mm)
Add component (AddParameter): Name = "Ceramic Type"; Value = "X5R"; VariantName = "[No Variations]"
Add component (AddParameter): Name = "ComponentLink1Description"; Value = "Manufacturer"; VariantName = "[No Variations]"
Add component (AddParameter): Name = "ComponentLink1URL"; Value = "http://www.we-online.de"; VariantName = "[No Variations]"
Add component (AddParameter): Name = "ComponentLink2Description"; Value = "Datasheet"; VariantName = "[No Variations]"
Add component (AddParameter): Name = "ComponentLink2URL"; Value = "http://katalog.we-online.de/pbs/datasheet/885012105012.pdf"; VariantName = "[No Variations]"
Add component (AddParameter): Name = "Operating Temperature"; Value = "-55 °C to +125 °C"; VariantName = "[No Variations]"
Add component (AddParameter): Name = "Part Number"; Value = "885012105012"; VariantName = "[No Variations]"
Add component (AddParameter): Name = "Published Date"; Value = "Oct. 2017"; VariantName = "[No Variations]"
Add component (AddParameter): Name = "Publisher"; Value = "Wurth Elektronik"; VariantName = "[No Variations]"
Add component (AddParameter): Name = "Rated Voltage"; Value = "10V DC"; VariantName = "[No Variations]"
Add component (AddParameter): Name = "Size"; Value = "0402"; VariantName = "[No Variations]"
Add component (AddParameter): Name = "Value"; Value = "1uF"; VariantName = "[No Variations]"
Added Component: Designator=C27(0402_1x0.5x0.5mm)
Add component (AddParameter): Name = "Ceramic Type"; Value = "X5R"; VariantName = "[No Variations]"
Add component (AddParameter): Name = "ComponentLink1Description"; Value = "Manufacturer"; VariantName = "[No Variations]"
Add component (AddParameter): Name = "ComponentLink1URL"; Value = "http://www.we-online.de"; VariantName = "[No Variations]"
Add component (AddParameter): Name = "ComponentLink2Description"; Value = "Datasheet"; VariantName = "[No Variations]"
Add component (AddParameter): Name = "ComponentLink2URL"; Value = "http://katalog.we-online.de/pbs/datasheet/885012105018.pdf"; VariantName = "[No Variations]"
Add component (AddParameter): Name = "Operating Temperature"; Value = "-55 °C to +125 °C"; VariantName = "[No Variations]"
Add component (AddParameter): Name = "Part Number"; Value = "885012105018"; VariantName = "[No Variations]"
Add component (AddParameter): Name = "Published Date"; Value = "Oct. 2017"; VariantName = "[No Variations]"
Add component (AddParameter): Name = "Publisher"; Value = "Wurth Elektronik"; VariantName = "[No Variations]"
Add component (AddParameter): Name = "Rated Voltage"; Value = "25V DC"; VariantName = "[No Variations]"
Add component (AddParameter): Name = "Size"; Value = "0402"; VariantName = "[No Variations]"
Add component (AddParameter): Name = "Value"; Value = "100nF"; VariantName = "[No Variations]"
Added Component: Designator=C28(0402_1x0.5x0.5mm)
Add component (AddParameter): Name = "Ceramic Type"; Value = "X7R"; VariantName = "[No Variations]"
Add component (AddParameter): Name = "ComponentLink1Description"; Value = "Manufacturer"; VariantName = "[No Variations]"
Add component (AddParameter): Name = "ComponentLink1URL"; Value = "http://www.we-online.de"; VariantName = "[No Variations]"
Add component (AddParameter): Name = "ComponentLink2Description"; Value = "Datasheet"; VariantName = "[No Variations]"
Add component (AddParameter): Name = "ComponentLink2URL"; Value = "http://katalog.we-online.de/pbs/datasheet/885012205012.pdf"; VariantName = "[No Variations]"
Add component (AddParameter): Name = "Operating Temperature"; Value = "-55 °C to +125 °C"; VariantName = "[No Variations]"
Add component (AddParameter): Name = "Part Number"; Value = "885012205012"; VariantName = "[No Variations]"
Add component (AddParameter): Name = "Published Date"; Value = "Oct. 2017"; VariantName = "[No Variations]"
Add component (AddParameter): Name = "Publisher"; Value = "Wurth Elektronik"; VariantName = "[No Variations]"
Add component (AddParameter): Name = "Rated Voltage"; Value = "10V DC"; VariantName = "[No Variations]"
Add component (AddParameter): Name = "Size"; Value = "0402"; VariantName = "[No Variations]"
Add component (AddParameter): Name = "Value"; Value = "10nF"; VariantName = "[No Variations]"
Added Component: Designator=D1(WL-SMCW_0603_150060xx75003)
Add component (AddParameter): Name = "Case/Size Code"; Value = "0603"; VariantName = "[No Variations]"
Add component (AddParameter): Name = "Category"; Value = "Signal LEDs"; VariantName = "[No Variations]"
Add component (AddParameter): Name = "Chip Technology"; Value = "AlInGaP"; VariantName = "[No Variations]"
Add component (AddParameter): Name = "ComponentLink1Description"; Value = "Website Link"; VariantName = "[No Variations]"
Add component (AddParameter): Name = "ComponentLink1URL"; Value = "https://www.we-online.com/redexpert/article/150060VS75003?ad"; VariantName = "[No Variations]"
Add component (AddParameter): Name = "ComponentLink2Description"; Value = "Datasheet Link"; VariantName = "[No Variations]"
Add component (AddParameter): Name = "ComponentLink2URL"; Value = "https://www.we-online.com/redexpert/spec/150060VS75003?ad"; VariantName = "[No Variations]"
Add component (AddParameter): Name = "Dominant Wavelength"; Value = "570nm"; VariantName = "[No Variations]"
Add component (AddParameter): Name = "Emitting Color"; Value = "Bright Green"; VariantName = "[No Variations]"
Add component (AddParameter): Name = "Forward Voltage"; Value = "2V"; VariantName = "[No Variations]"
Add component (AddParameter): Name = "Height"; Value = "0.7mm"; VariantName = "[No Variations]"
Add component (AddParameter): Name = "Length"; Value = "1.6mm"; VariantName = "[No Variations]"
Add component (AddParameter): Name = "Luminous Intensity"; Value = "100mcd"; VariantName = "[No Variations]"
Add component (AddParameter): Name = "Manufacturer"; Value = "Wurth Elektronik"; VariantName = "[No Variations]"
Add component (AddParameter): Name = "Manufacturer Part Number"; Value = "150060VS75003"; VariantName = "[No Variations]"
Add component (AddParameter): Name = "Match Code"; Value = "WL-SMCW"; VariantName = "[No Variations]"
Add component (AddParameter): Name = "Mount"; Value = "Surface Mount"; VariantName = "[No Variations]"
Add component (AddParameter): Name = "Operating Temperature Max"; Value = "100°C"; VariantName = "[No Variations]"
Add component (AddParameter): Name = "Operating Temperature Min"; Value = "-40°C"; VariantName = "[No Variations]"
Add component (AddParameter): Name = "Packaging"; Value = "Tape and Reel"; VariantName = "[No Variations]"
Add component (AddParameter): Name = "Peak Wavelength"; Value = "572nm"; VariantName = "[No Variations]"
Add component (AddParameter): Name = "Viewing Angle"; Value = "140°"; VariantName = "[No Variations]"
Add component (AddParameter): Name = "Width"; Value = "0.8mm"; VariantName = "[No Variations]"
Added Component: Designator=D2(WL-SMCW_0603_150060xx75003)
Add component (AddParameter): Name = "Case/Size Code"; Value = "0603"; VariantName = "[No Variations]"
Add component (AddParameter): Name = "Category"; Value = "Signal LEDs"; VariantName = "[No Variations]"
Add component (AddParameter): Name = "Chip Technology"; Value = "AlInGaP"; VariantName = "[No Variations]"
Add component (AddParameter): Name = "ComponentLink1Description"; Value = "Website Link"; VariantName = "[No Variations]"
Add component (AddParameter): Name = "ComponentLink1URL"; Value = "https://www.we-online.com/redexpert/article/150060VS75003?ad"; VariantName = "[No Variations]"
Add component (AddParameter): Name = "ComponentLink2Description"; Value = "Datasheet Link"; VariantName = "[No Variations]"
Add component (AddParameter): Name = "ComponentLink2URL"; Value = "https://www.we-online.com/redexpert/spec/150060VS75003?ad"; VariantName = "[No Variations]"
Add component (AddParameter): Name = "Dominant Wavelength"; Value = "570nm"; VariantName = "[No Variations]"
Add component (AddParameter): Name = "Emitting Color"; Value = "Bright Green"; VariantName = "[No Variations]"
Add component (AddParameter): Name = "Forward Voltage"; Value = "2V"; VariantName = "[No Variations]"
Add component (AddParameter): Name = "Height"; Value = "0.7mm"; VariantName = "[No Variations]"
Add component (AddParameter): Name = "Length"; Value = "1.6mm"; VariantName = "[No Variations]"
Add component (AddParameter): Name = "Luminous Intensity"; Value = "100mcd"; VariantName = "[No Variations]"
Add component (AddParameter): Name = "Manufacturer"; Value = "Wurth Elektronik"; VariantName = "[No Variations]"
Add component (AddParameter): Name = "Manufacturer Part Number"; Value = "150060VS75003"; VariantName = "[No Variations]"
Add component (AddParameter): Name = "Match Code"; Value = "WL-SMCW"; VariantName = "[No Variations]"
Add component (AddParameter): Name = "Mount"; Value = "Surface Mount"; VariantName = "[No Variations]"
Add component (AddParameter): Name = "Operating Temperature Max"; Value = "100°C"; VariantName = "[No Variations]"
Add component (AddParameter): Name = "Operating Temperature Min"; Value = "-40°C"; VariantName = "[No Variations]"
Add component (AddParameter): Name = "Packaging"; Value = "Tape and Reel"; VariantName = "[No Variations]"
Add component (AddParameter): Name = "Peak Wavelength"; Value = "572nm"; VariantName = "[No Variations]"
Add component (AddParameter): Name = "Viewing Angle"; Value = "140°"; VariantName = "[No Variations]"
Add component (AddParameter): Name = "Width"; Value = "0.8mm"; VariantName = "[No Variations]"
Added Component: Designator=D3(WL-SMCW_0603_150060xx75000)
Add component (AddParameter): Name = "Case/Size Code"; Value = "0603"; VariantName = "[No Variations]"
Add component (AddParameter): Name = "Category"; Value = "Signal LEDs"; VariantName = "[No Variations]"
Add component (AddParameter): Name = "Chip Technology"; Value = "AlInGaP"; VariantName = "[No Variations]"
Add component (AddParameter): Name = "ComponentLink1Description"; Value = "Website Link"; VariantName = "[No Variations]"
Add component (AddParameter): Name = "ComponentLink1URL"; Value = "https://www.we-online.com/redexpert/article/150060AS75000?ad"; VariantName = "[No Variations]"
Add component (AddParameter): Name = "ComponentLink2Description"; Value = "Datasheet Link"; VariantName = "[No Variations]"
Add component (AddParameter): Name = "ComponentLink2URL"; Value = "https://www.we-online.com/redexpert/spec/150060AS75000?ad"; VariantName = "[No Variations]"
Add component (AddParameter): Name = "Dominant Wavelength"; Value = "605nm"; VariantName = "[No Variations]"
Add component (AddParameter): Name = "Emitting Color"; Value = "Amber"; VariantName = "[No Variations]"
Add component (AddParameter): Name = "Forward Voltage"; Value = "2V"; VariantName = "[No Variations]"
Add component (AddParameter): Name = "Height"; Value = "0.7mm"; VariantName = "[No Variations]"
Add component (AddParameter): Name = "Length"; Value = "1.6mm"; VariantName = "[No Variations]"
Add component (AddParameter): Name = "Luminous Intensity"; Value = "130mcd"; VariantName = "[No Variations]"
Add component (AddParameter): Name = "Manufacturer"; Value = "Wurth Elektronik"; VariantName = "[No Variations]"
Add component (AddParameter): Name = "Manufacturer Part Number"; Value = "150060AS75000"; VariantName = "[No Variations]"
Add component (AddParameter): Name = "Match Code"; Value = "WL-SMCW"; VariantName = "[No Variations]"
Add component (AddParameter): Name = "Mount"; Value = "Surface Mount"; VariantName = "[No Variations]"
Add component (AddParameter): Name = "Operating Temperature Max"; Value = "85°C"; VariantName = "[No Variations]"
Add component (AddParameter): Name = "Operating Temperature Min"; Value = "-40°C"; VariantName = "[No Variations]"
Add component (AddParameter): Name = "Packaging"; Value = "Tape and Reel"; VariantName = "[No Variations]"
Add component (AddParameter): Name = "Peak Wavelength"; Value = "610nm"; VariantName = "[No Variations]"
Add component (AddParameter): Name = "Viewing Angle"; Value = "140°"; VariantName = "[No Variations]"
Add component (AddParameter): Name = "Width"; Value = "0.8mm"; VariantName = "[No Variations]"
Added Component: Designator=D4(WL-SMCW_0603_150060xx75000)
Add component (AddParameter): Name = "Case/Size Code"; Value = "0603"; VariantName = "[No Variations]"
Add component (AddParameter): Name = "Category"; Value = "Signal LEDs"; VariantName = "[No Variations]"
Add component (AddParameter): Name = "Chip Technology"; Value = "AlInGaP"; VariantName = "[No Variations]"
Add component (AddParameter): Name = "ComponentLink1Description"; Value = "Website Link"; VariantName = "[No Variations]"
Add component (AddParameter): Name = "ComponentLink1URL"; Value = "https://www.we-online.com/redexpert/article/150060AS75000?ad"; VariantName = "[No Variations]"
Add component (AddParameter): Name = "ComponentLink2Description"; Value = "Datasheet Link"; VariantName = "[No Variations]"
Add component (AddParameter): Name = "ComponentLink2URL"; Value = "https://www.we-online.com/redexpert/spec/150060AS75000?ad"; VariantName = "[No Variations]"
Add component (AddParameter): Name = "Dominant Wavelength"; Value = "605nm"; VariantName = "[No Variations]"
Add component (AddParameter): Name = "Emitting Color"; Value = "Amber"; VariantName = "[No Variations]"
Add component (AddParameter): Name = "Forward Voltage"; Value = "2V"; VariantName = "[No Variations]"
Add component (AddParameter): Name = "Height"; Value = "0.7mm"; VariantName = "[No Variations]"
Add component (AddParameter): Name = "Length"; Value = "1.6mm"; VariantName = "[No Variations]"
Add component (AddParameter): Name = "Luminous Intensity"; Value = "130mcd"; VariantName = "[No Variations]"
Add component (AddParameter): Name = "Manufacturer"; Value = "Wurth Elektronik"; VariantName = "[No Variations]"
Add component (AddParameter): Name = "Manufacturer Part Number"; Value = "150060AS75000"; VariantName = "[No Variations]"
Add component (AddParameter): Name = "Match Code"; Value = "WL-SMCW"; VariantName = "[No Variations]"
Add component (AddParameter): Name = "Mount"; Value = "Surface Mount"; VariantName = "[No Variations]"
Add component (AddParameter): Name = "Operating Temperature Max"; Value = "85°C"; VariantName = "[No Variations]"
Add component (AddParameter): Name = "Operating Temperature Min"; Value = "-40°C"; VariantName = "[No Variations]"
Add component (AddParameter): Name = "Packaging"; Value = "Tape and Reel"; VariantName = "[No Variations]"
Add component (AddParameter): Name = "Peak Wavelength"; Value = "610nm"; VariantName = "[No Variations]"
Add component (AddParameter): Name = "Viewing Angle"; Value = "140°"; VariantName = "[No Variations]"
Add component (AddParameter): Name = "Width"; Value = "0.8mm"; VariantName = "[No Variations]"
Added Component: Designator=DS1(687124183622)
Added Component: Designator=J1(632723100011)
Add component (AddParameter): Name = "Application"; Value = "USB 3.1"; VariantName = "[No Variations]"
Add component (AddParameter): Name = "Category"; Value = "Input/Output Connectors"; VariantName = "[No Variations]"
Add component (AddParameter): Name = "ComponentLink1Description"; Value = "Website Link"; VariantName = "[No Variations]"
Add component (AddParameter): Name = "ComponentLink1URL"; Value = "https://www.we-online.com/redexpert/article/632723100011?ad"; VariantName = "[No Variations]"
Add component (AddParameter): Name = "ComponentLink2Description"; Value = "Datasheet Link"; VariantName = "[No Variations]"
Add component (AddParameter): Name = "ComponentLink2URL"; Value = "https://www.we-online.com/redexpert/spec/632723100011?ad"; VariantName = "[No Variations]"
Add component (AddParameter): Name = "Gender"; Value = "Receptacle"; VariantName = "[No Variations]"
Add component (AddParameter): Name = "Interface Type"; Value = "Type C"; VariantName = "[No Variations]"
Add component (AddParameter): Name = "Manufacturer"; Value = "Wurth Elektronik"; VariantName = "[No Variations]"
Add component (AddParameter): Name = "Manufacturer Part Number"; Value = "632723100011"; VariantName = "[No Variations]"
Add component (AddParameter): Name = "Match Code"; Value = "WR-USB"; VariantName = "[No Variations]"
Add component (AddParameter): Name = "Mount"; Value = "Surface Mount"; VariantName = "[No Variations]"
Add component (AddParameter): Name = "Number of Pins"; Value = "24"; VariantName = "[No Variations]"
Add component (AddParameter): Name = "Number of Ports"; Value = "1"; VariantName = "[No Variations]"
Add component (AddParameter): Name = "Operating Temperature Max"; Value = "105°C"; VariantName = "[No Variations]"
Add component (AddParameter): Name = "Operating Temperature Min"; Value = "-40°C"; VariantName = "[No Variations]"
Add component (AddParameter): Name = "Orientation"; Value = "Horizontal"; VariantName = "[No Variations]"
Add component (AddParameter): Name = "Packaging"; Value = "Tape and Reel"; VariantName = "[No Variations]"
Add component (AddParameter): Name = "Rated Current"; Value = "5A"; VariantName = "[No Variations]"
Add component (AddParameter): Name = "Working Voltage"; Value = "20VAC"; VariantName = "[No Variations]"
Added Component: Designator=L1(WE-TPC_4828)
Add component (AddParameter): Name = "Case/Size Code"; Value = "4828"; VariantName = "[No Variations]"
Add component (AddParameter): Name = "Category"; Value = "Shielded Power Inductors"; VariantName = "[No Variations]"
Add component (AddParameter): Name = "ComponentLink1Description"; Value = "Website Link"; VariantName = "[No Variations]"
Add component (AddParameter): Name = "ComponentLink1URL"; Value = "https://www.we-online.com/redexpert/article/7440430018?ad"; VariantName = "[No Variations]"
Add component (AddParameter): Name = "ComponentLink2Description"; Value = "Datasheet Link"; VariantName = "[No Variations]"
Add component (AddParameter): Name = "ComponentLink2URL"; Value = "https://www.we-online.com/redexpert/spec/7440430018?ad"; VariantName = "[No Variations]"
Add component (AddParameter): Name = "DC Resistance"; Value = "20mO"; VariantName = "[No Variations]"
Add component (AddParameter): Name = "DC Resistance Max"; Value = "25mO"; VariantName = "[No Variations]"
Add component (AddParameter): Name = "Height"; Value = "2.8mm"; VariantName = "[No Variations]"
Add component (AddParameter): Name = "Inductance"; Value = "1.8µH"; VariantName = "[No Variations]"
Add component (AddParameter): Name = "Length"; Value = "4.8mm"; VariantName = "[No Variations]"
Add component (AddParameter): Name = "Manufacturer"; Value = "Wurth Elektronik"; VariantName = "[No Variations]"
Add component (AddParameter): Name = "Manufacturer Part Number"; Value = "7440430018"; VariantName = "[No Variations]"
Add component (AddParameter): Name = "Match Code"; Value = "WE-TPC"; VariantName = "[No Variations]"
Add component (AddParameter): Name = "Mount"; Value = "Surface Mount"; VariantName = "[No Variations]"
Add component (AddParameter): Name = "Operating Temperature Max"; Value = "125°C"; VariantName = "[No Variations]"
Add component (AddParameter): Name = "Operating Temperature Min"; Value = "-40°C"; VariantName = "[No Variations]"
Add component (AddParameter): Name = "Packaging"; Value = "Tape and Reel"; VariantName = "[No Variations]"
Add component (AddParameter): Name = "Rated Current"; Value = "2.7A"; VariantName = "[No Variations]"
Add component (AddParameter): Name = "Saturation Current"; Value = "2.45A"; VariantName = "[No Variations]"
Add component (AddParameter): Name = "Self Resonant Frequency"; Value = "120MHz"; VariantName = "[No Variations]"
Add component (AddParameter): Name = "Width"; Value = "4.8mm"; VariantName = "[No Variations]"
Added Component: Designator=L2(WE-TPC_8020)
Add component (AddParameter): Name = "Case/Size Code"; Value = "8020"; VariantName = "[No Variations]"
Add component (AddParameter): Name = "Category"; Value = "Shielded Power Inductors"; VariantName = "[No Variations]"
Add component (AddParameter): Name = "ComponentLink1Description"; Value = "Website Link"; VariantName = "[No Variations]"
Add component (AddParameter): Name = "ComponentLink1URL"; Value = "https://www.we-online.com/redexpert/article/7440700100?ad"; VariantName = "[No Variations]"
Add component (AddParameter): Name = "ComponentLink2Description"; Value = "Datasheet Link"; VariantName = "[No Variations]"
Add component (AddParameter): Name = "ComponentLink2URL"; Value = "https://www.we-online.com/redexpert/spec/7440700100?ad"; VariantName = "[No Variations]"
Add component (AddParameter): Name = "DC Resistance"; Value = "78mO"; VariantName = "[No Variations]"
Add component (AddParameter): Name = "DC Resistance Max"; Value = "94mO"; VariantName = "[No Variations]"
Add component (AddParameter): Name = "Height"; Value = "1.8mm"; VariantName = "[No Variations]"
Add component (AddParameter): Name = "Inductance"; Value = "10µH"; VariantName = "[No Variations]"
Add component (AddParameter): Name = "Length"; Value = "8mm"; VariantName = "[No Variations]"
Add component (AddParameter): Name = "Manufacturer"; Value = "Wurth Elektronik"; VariantName = "[No Variations]"
Add component (AddParameter): Name = "Manufacturer Part Number"; Value = "7440700100"; VariantName = "[No Variations]"
Add component (AddParameter): Name = "Match Code"; Value = "WE-TPC"; VariantName = "[No Variations]"
Add component (AddParameter): Name = "Mount"; Value = "Surface Mount"; VariantName = "[No Variations]"
Add component (AddParameter): Name = "Operating Temperature Max"; Value = "125°C"; VariantName = "[No Variations]"
Add component (AddParameter): Name = "Operating Temperature Min"; Value = "-40°C"; VariantName = "[No Variations]"
Add component (AddParameter): Name = "Packaging"; Value = "Tape and Reel"; VariantName = "[No Variations]"
Add component (AddParameter): Name = "Rated Current"; Value = "2A"; VariantName = "[No Variations]"
Add component (AddParameter): Name = "Saturation Current"; Value = "1.55A"; VariantName = "[No Variations]"
Add component (AddParameter): Name = "Self Resonant Frequency"; Value = "30MHz"; VariantName = "[No Variations]"
Add component (AddParameter): Name = "Width"; Value = "8mm"; VariantName = "[No Variations]"
Added Component: Designator=L3(0603CT SERIES)
Added Component: Designator=L4(0402CS SERIES)
Added Component: Designator=R1(RES0805_1)
Add component (AddParameter): Name = "Value"; Value = "36k"; VariantName = "[No Variations]"
Added Component: Designator=R2(RES0805_1)
Add component (AddParameter): Name = "Value"; Value = "36k"; VariantName = "[No Variations]"
Added Component: Designator=R3(RES0805_1)
Add component (AddParameter): Name = "Value"; Value = "1k"; VariantName = "[No Variations]"
Added Component: Designator=R4(RES0805_1)
Add component (AddParameter): Name = "Value"; Value = "1k"; VariantName = "[No Variations]"
Added Component: Designator=R5(RES0805_1)
Add component (AddParameter): Name = "Value"; Value = "453k"; VariantName = "[No Variations]"
Added Component: Designator=R6(RES0805_1)
Add component (AddParameter): Name = "Value"; Value = "453k"; VariantName = "[No Variations]"
Added Component: Designator=R7(RES0805_1)
Add component (AddParameter): Name = "Value"; Value = "2k1 1%"; VariantName = "[No Variations]"
Added Component: Designator=R8(RES0805_1)
Add component (AddParameter): Name = "Value"; Value = "1k24 1%"; VariantName = "[No Variations]"
Added Component: Designator=R9(RES0805_1)
Add component (AddParameter): Name = "Value"; Value = "1k 1%"; VariantName = "[No Variations]"
Added Component: Designator=R10(RES0805_1)
Add component (AddParameter): Name = "Value"; Value = "0.47R"; VariantName = "[No Variations]"
Added Component: Designator=R11(RES0805_1)
Add component (AddParameter): Name = "Value"; Value = "10k"; VariantName = "[No Variations]"
Added Component: Designator=R12(RES0805_1)
Add component (AddParameter): Name = "Value"; Value = "0R (TBD)"; VariantName = "[No Variations]"
Added Component: Designator=R13(RES0805_1)
Add component (AddParameter): Name = "Value"; Value = "10k"; VariantName = "[No Variations]"
Added Component: Designator=R14(RES0805_1)
Add component (AddParameter): Name = "Value"; Value = "10k"; VariantName = "[No Variations]"
Added Component: Designator=U1(WLGA010V28_ROHM)
Added Component: Designator=U2(DFN-16 Analog (Linear))
Added Component: Designator=U3(32L SLP Expressif)
Added Component: Designator=X1(2.5 x 2.0 mm XTAL)
Added Pin To Net: NetName=3V3 Pin=C1-2
Added Pin To Net: NetName=3V3 Pin=C2-2
Added Pin To Net: NetName=3V3 Pin=C3-2
Added Pin To Net: NetName=3V3 Pin=C5-2
Added Pin To Net: NetName=3V3 Pin=C6-2
Added Pin To Net: NetName=3V3 Pin=C7-2
Added Pin To Net: NetName=3V3 Pin=C16-2
Added Pin To Net: NetName=3V3 Pin=C17-2
Added Pin To Net: NetName=3V3 Pin=C18-1
Added Pin To Net: NetName=3V3 Pin=C19-2
Added Pin To Net: NetName=3V3 Pin=C25-2
Added Pin To Net: NetName=3V3 Pin=C26-2
Added Pin To Net: NetName=3V3 Pin=C27-2
Added Pin To Net: NetName=3V3 Pin=C28-2
Added Pin To Net: NetName=3V3 Pin=D1-A
Added Pin To Net: NetName=3V3 Pin=D2-A
Added Pin To Net: NetName=3V3 Pin=DS1-15
Added Pin To Net: NetName=3V3 Pin=DS1-16
Added Pin To Net: NetName=3V3 Pin=L1-1
Added Pin To Net: NetName=3V3 Pin=L2-1
Added Pin To Net: NetName=3V3 Pin=L3-1
Added Pin To Net: NetName=3V3 Pin=R5-2
Added Pin To Net: NetName=3V3 Pin=R11-2
Added Pin To Net: NetName=3V3 Pin=R13-2
Added Pin To Net: NetName=3V3 Pin=R14-2
Added Pin To Net: NetName=3V3 Pin=U1-1
Added Pin To Net: NetName=3V3 Pin=U1-8
Added Pin To Net: NetName=3V3 Pin=U3-11
Added Pin To Net: NetName=3V3 Pin=U3-17
Added Pin To Net: NetName=3V3 Pin=U3-31
Added Pin To Net: NetName=3V3 Pin=U3-32
Added Net: Name=3V3
Added Pin To Net: NetName=DISP_BS Pin=U3-9
Added Net: Name=DISP_BS
Added Pin To Net: NetName=DISP_BUSY_N Pin=U3-10
Added Net: Name=DISP_BUSY_N
Added Pin To Net: NetName=DISP_CSB Pin=U3-14
Added Net: Name=DISP_CSB
Added Pin To Net: NetName=DISP_DC Pin=DS1-11
Added Net: Name=DISP_DC
Added Pin To Net: NetName=DISP_RST_N Pin=U3-12
Added Net: Name=DISP_RST_N
Added Pin To Net: NetName=DISP_SCL Pin=DS1-13
Added Net: Name=DISP_SCL
Added Pin To Net: NetName=DISP_SDA Pin=U3-16
Added Net: Name=DISP_SDA
Added Pin To Net: NetName=GND Pin=B1-2
Added Pin To Net: NetName=GND Pin=C1-1
Added Pin To Net: NetName=GND Pin=C2-1
Added Pin To Net: NetName=GND Pin=C4-1
Added Pin To Net: NetName=GND Pin=C5-1
Added Pin To Net: NetName=GND Pin=C6-1
Added Pin To Net: NetName=GND Pin=C7-1
Added Pin To Net: NetName=GND Pin=C9-1
Added Pin To Net: NetName=GND Pin=C10-1
Added Pin To Net: NetName=GND Pin=C11-1
Added Pin To Net: NetName=GND Pin=C12-1
Added Pin To Net: NetName=GND Pin=C13-1
Added Pin To Net: NetName=GND Pin=C14-1
Added Pin To Net: NetName=GND Pin=C15-1
Added Pin To Net: NetName=GND Pin=C16-1
Added Pin To Net: NetName=GND Pin=C17-1
Added Pin To Net: NetName=GND Pin=C18-2
Added Pin To Net: NetName=GND Pin=C19-1
Added Pin To Net: NetName=GND Pin=C20-1
Added Pin To Net: NetName=GND Pin=C21-1
Added Pin To Net: NetName=GND Pin=C22-1
Added Pin To Net: NetName=GND Pin=C23-1
Added Pin To Net: NetName=GND Pin=C24-1
Added Pin To Net: NetName=GND Pin=C25-1
Added Pin To Net: NetName=GND Pin=C26-1
Added Pin To Net: NetName=GND Pin=C27-1
Added Pin To Net: NetName=GND Pin=C28-1
Added Pin To Net: NetName=GND Pin=DS1-17
Added Pin To Net: NetName=GND Pin=DS1-M1
Added Pin To Net: NetName=GND Pin=DS1-M2
Added Pin To Net: NetName=GND Pin=J1-A1
Added Pin To Net: NetName=GND Pin=J1-A12
Added Pin To Net: NetName=GND Pin=J1-B1
Added Pin To Net: NetName=GND Pin=J1-B12
Added Pin To Net: NetName=GND Pin=J1-Shell
Added Pin To Net: NetName=GND Pin=J1-Shell
Added Pin To Net: NetName=GND Pin=J1-Shell
Added Pin To Net: NetName=GND Pin=J1-Shell
Added Pin To Net: NetName=GND Pin=J1-Shell
Added Pin To Net: NetName=GND Pin=J1-Shell
Added Pin To Net: NetName=GND Pin=J1-Shell
Added Pin To Net: NetName=GND Pin=J1-Shell
Added Pin To Net: NetName=GND Pin=R1-1
Added Pin To Net: NetName=GND Pin=R2-1
Added Pin To Net: NetName=GND Pin=R6-1
Added Pin To Net: NetName=GND Pin=R7-1
Added Pin To Net: NetName=GND Pin=R8-1
Added Pin To Net: NetName=GND Pin=R9-1
Added Pin To Net: NetName=GND Pin=R10-1
Added Pin To Net: NetName=GND Pin=U1-2
Added Pin To Net: NetName=GND Pin=U2-8
Added Pin To Net: NetName=GND Pin=U2-9
Added Pin To Net: NetName=GND Pin=U2-17
Added Pin To Net: NetName=GND Pin=U3-33
Added Pin To Net: NetName=GND Pin=X1-2
Added Pin To Net: NetName=GND Pin=X1-4
Added Net: Name=GND
Added Pin To Net: NetName=NetC3_1 Pin=C3-1
Added Pin To Net: NetName=NetC3_1 Pin=R5-1
Added Pin To Net: NetName=NetC3_1 Pin=R6-2
Added Pin To Net: NetName=NetC3_1 Pin=U2-6
Added Net: Name=NetC3_1
Added Pin To Net: NetName=NetC8_1 Pin=C8-1
Added Net: Name=NetC8_1
Added Pin To Net: NetName=NetC8_2 Pin=C8-2
Added Pin To Net: NetName=NetC8_2 Pin=L2-2
Added Net: Name=NetC8_2
Added Pin To Net: NetName=NetC9_2 Pin=C9-2
Added Pin To Net: NetName=NetC9_2 Pin=DS1-5
Added Net: Name=NetC9_2
Added Pin To Net: NetName=NetC10_2 Pin=C10-2
Added Pin To Net: NetName=NetC10_2 Pin=DS1-18
Added Net: Name=NetC10_2
Added Pin To Net: NetName=NetC11_2 Pin=C11-2
Added Pin To Net: NetName=NetC11_2 Pin=DS1-20
Added Net: Name=NetC11_2
Added Pin To Net: NetName=NetC13_2 Pin=C13-2
Added Pin To Net: NetName=NetC13_2 Pin=DS1-22
Added Net: Name=NetC13_2
Added Pin To Net: NetName=NetC15_2 Pin=C15-2
Added Pin To Net: NetName=NetC15_2 Pin=DS1-24
Added Net: Name=NetC15_2
Added Pin To Net: NetName=NetC20_2 Pin=C20-2
Added Pin To Net: NetName=NetC20_2 Pin=L3-2
Added Pin To Net: NetName=NetC20_2 Pin=U3-2
Added Pin To Net: NetName=NetC20_2 Pin=U3-3
Added Net: Name=NetC20_2
Added Pin To Net: NetName=NetC21_2 Pin=C21-2
Added Pin To Net: NetName=NetC21_2 Pin=L4-1
Added Pin To Net: NetName=NetC21_2 Pin=U3-1
Added Net: Name=NetC21_2
Added Pin To Net: NetName=NetC22_2 Pin=C22-2
Added Pin To Net: NetName=NetC22_2 Pin=U3-29
Added Pin To Net: NetName=NetC22_2 Pin=X1-1
Added Net: Name=NetC22_2
Added Pin To Net: NetName=NetC23_2 Pin=C23-2
Added Pin To Net: NetName=NetC23_2 Pin=R12-2
Added Pin To Net: NetName=NetC23_2 Pin=X1-3
Added Net: Name=NetC23_2
Added Pin To Net: NetName=NetC24_2 Pin=C24-2
Added Pin To Net: NetName=NetC24_2 Pin=L4-2
Added Net: Name=NetC24_2
Added Pin To Net: NetName=NetD1_K Pin=D1-K
Added Pin To Net: NetName=NetD1_K Pin=U1-3
Added Net: Name=NetD1_K
Added Pin To Net: NetName=NetD2_K Pin=D2-K
Added Pin To Net: NetName=NetD2_K Pin=U1-4
Added Net: Name=NetD2_K
Added Pin To Net: NetName=NetD3_K Pin=D3-K
Added Pin To Net: NetName=NetD3_K Pin=R3-1
Added Net: Name=NetD3_K
Added Pin To Net: NetName=NetD4_K Pin=D4-K
Added Pin To Net: NetName=NetD4_K Pin=R4-1
Added Net: Name=NetD4_K
Added Pin To Net: NetName=NetDS1_2 Pin=DS1-2
Added Net: Name=NetDS1_2
Added Pin To Net: NetName=NetDS1_3 Pin=DS1-3
Added Pin To Net: NetName=NetDS1_3 Pin=R10-2
Added Net: Name=NetDS1_3
Added Pin To Net: NetName=NetJ1_A5 Pin=J1-A5
Added Pin To Net: NetName=NetJ1_A5 Pin=R1-2
Added Net: Name=NetJ1_A5
Added Pin To Net: NetName=NetJ1_A6 Pin=J1-A6
Added Pin To Net: NetName=NetJ1_A6 Pin=J1-B6
Added Net: Name=NetJ1_A6
Added Pin To Net: NetName=NetJ1_B5 Pin=J1-B5
Added Pin To Net: NetName=NetJ1_B5 Pin=R2-2
Added Net: Name=NetJ1_B5
Added Pin To Net: NetName=NetL1_2 Pin=L1-2
Added Pin To Net: NetName=NetL1_2 Pin=U2-10
Added Net: Name=NetL1_2
Added Pin To Net: NetName=NetR3_2 Pin=R3-2
Added Pin To Net: NetName=NetR3_2 Pin=U2-4
Added Net: Name=NetR3_2
Added Pin To Net: NetName=NetR4_2 Pin=R4-2
Added Pin To Net: NetName=NetR4_2 Pin=U2-5
Added Net: Name=NetR4_2
Added Pin To Net: NetName=NetR7_2 Pin=R7-2
Added Pin To Net: NetName=NetR7_2 Pin=U2-2
Added Net: Name=NetR7_2
Added Pin To Net: NetName=NetR8_2 Pin=R8-2
Added Pin To Net: NetName=NetR8_2 Pin=U2-14
Added Net: Name=NetR8_2
Added Pin To Net: NetName=NetR9_2 Pin=R9-2
Added Pin To Net: NetName=NetR9_2 Pin=U2-3
Added Net: Name=NetR9_2
Added Pin To Net: NetName=NetR11_1 Pin=R11-1
Added Pin To Net: NetName=NetR11_1 Pin=U3-7
Added Net: Name=NetR11_1
Added Pin To Net: NetName=NetR12_1 Pin=R12-1
Added Pin To Net: NetName=NetR12_1 Pin=U3-30
Added Net: Name=NetR12_1
Added Pin To Net: NetName=NetR13_1 Pin=R13-1
Added Pin To Net: NetName=NetR13_1 Pin=U1-9
Added Pin To Net: NetName=NetR13_1 Pin=U3-4
Added Net: Name=NetR13_1
Added Pin To Net: NetName=NetR14_1 Pin=R14-1
Added Pin To Net: NetName=NetR14_1 Pin=U1-10
Added Pin To Net: NetName=NetR14_1 Pin=U3-5
Added Net: Name=NetR14_1
Added Pin To Net: NetName=USB_N Pin=J1-A7
Added Pin To Net: NetName=USB_N Pin=J1-B7
Added Net: Name=USB_N
Added Pin To Net: NetName=VBAT Pin=B1-1
Added Pin To Net: NetName=VBAT Pin=C4-2
Added Pin To Net: NetName=VBAT Pin=D3-A
Added Pin To Net: NetName=VBAT Pin=D4-A
Added Pin To Net: NetName=VBAT Pin=U2-7
Added Pin To Net: NetName=VBAT Pin=U2-11
Added Pin To Net: NetName=VBAT Pin=U2-15
Added Net: Name=VBAT
Added Pin To Net: NetName=VGH Pin=C12-2
Added Pin To Net: NetName=VGH Pin=DS1-21
Added Net: Name=VGH
Added Pin To Net: NetName=VGL Pin=C14-2
Added Pin To Net: NetName=VGL Pin=DS1-23
Added Net: Name=VGL
Added Pin To Net: NetName=VUSB Pin=J1-A4
Added Pin To Net: NetName=VUSB Pin=J1-A9
Added Pin To Net: NetName=VUSB Pin=J1-B4
Added Pin To Net: NetName=VUSB Pin=J1-B9
Added Pin To Net: NetName=VUSB Pin=U2-1
Added Net: Name=VUSB
Added Class: Name=U_CPU
Added Class: Name=U_Display
Added Class: Name=U_HRM
Added Class: Name=U_USB-C PD
