Change Component Footprint: Designator=R1 Old Footprint=RES0805_1 New Footprint=R0402
Change Component Footprint: Designator=R2 Old Footprint=RES0805_1 New Footprint=R0402
Change Component Footprint: Designator=R3 Old Footprint=RES0805_1 New Footprint=R0402
Change Component Footprint: Designator=R4 Old Footprint=RES0805_1 New Footprint=R0402
Change Component Footprint: Designator=R5 Old Footprint=RES0805_1 New Footprint=R0402
Change Component Footprint: Designator=R6 Old Footprint=RES0805_1 New Footprint=R0402
Change Component Footprint: Designator=R7 Old Footprint=RES0805_1 New Footprint=R0402
Change Component Footprint: Designator=R8 Old Footprint=RES0805_1 New Footprint=R0402
Change Component Footprint: Designator=R9 Old Footprint=RES0805_1 New Footprint=R0402
Change Component Footprint: Designator=R12 Old Footprint=RES0805_1 New Footprint=R0402
Change Component Footprint: Designator=R13 Old Footprint=RES0805_1 New Footprint=R0402
Change Component Footprint: Designator=R14 Old Footprint=RES0805_1 New Footprint=R0402
Change Component Comment : Designator=R12 Old Comment=Res2-smd New Comment=0R TBD
Change Component Comment : Designator=R3 Old Comment=Res2-smd New Comment=1k
Change Component Comment : Designator=R4 Old Comment=Res2-smd New Comment=1k
Change Component Comment : Designator=R13 Old Comment=Res2-smd New Comment=10k
Change Component Comment : Designator=R14 Old Comment=Res2-smd New Comment=10k
Change component parameters: Designator = "R3" ("R3"); Footprint = "RES0805_1"; UniqueID = "\CVMAAZSB\KLIZNSSO" ("\CVMAAZSB\KLIZNSSO")
Change component parameters: Designator = "R4" ("R4"); Footprint = "RES0805_1"; UniqueID = "\CVMAAZSB\MSVJULCZ" ("\CVMAAZSB\MSVJULCZ")
Change component parameters: Designator = "R12" ("R12"); Footprint = "RES0805_1"; UniqueID = "\AKARMFXE\OCEAZSTE" ("\AKARMFXE\OCEAZSTE")
Change component parameters: Designator = "R13" ("R13"); Footprint = "RES0805_1"; UniqueID = "\AKARMFXE\LMKGMKHC" ("\AKARMFXE\LMKGMKHC")
Change component parameters: Designator = "R14" ("R14"); Footprint = "RES0805_1"; UniqueID = "\AKARMFXE\JKEYJQXY" ("\AKARMFXE\JKEYJQXY")
